app/build/intermediates/manifest_merge_blame_file/debug/manifest-merger-blame-debug-report.txt
1<?xml version="1.0" encoding="utf-8"?>
2<manifest xmlns:android="http://schemas.android.com/apk/res/android"
3    package="com.example.a20200714"
4    android:versionCode="1"
5    android:versionName="1.0" >
6
7    <uses-sdk
8        android:minSdkVersion="21"
8-->src/main/AndroidManifest.xml
9        android:targetSdkVersion="29" />
9-->src/main/AndroidManifest.xml
10
11    <uses-permission android:name="android.permission.WRITE_EXTERNAL_STORAGE" />
11-->src/main/AndroidManifest.xml:5:5-81
11-->src/main/AndroidManifest.xml:5:22-78
12
13    <application
13-->src/main/AndroidManifest.xml:7:5-35:19
14        android:allowBackup="true"
14-->src/main/AndroidManifest.xml:8:9-35
15        android:appComponentFactory="androidx.core.app.CoreComponentFactory"
15-->[androidx.core:core:1.1.0] AndroidManifest.xml:24:18-86
16        android:debuggable="true"
17        android:icon="@mipmap/ic_launcher"
17-->src/main/AndroidManifest.xml:9:9-43
18        android:label="@string/app_name"
18-->src/main/AndroidManifest.xml:10:9-41
19        android:roundIcon="@mipmap/ic_launcher_round"
19-->src/main/AndroidManifest.xml:11:9-54
20        android:supportsRtl="true"
20-->src/main/AndroidManifest.xml:12:9-35
21        android:testOnly="true"
22        android:theme="@style/AppTheme" >
22-->src/main/AndroidManifest.xml:13:9-40
23        <provider
23-->src/main/AndroidManifest.xml:14:9-22:20
24            android:name="androidx.core.content.FileProvider"
24-->src/main/AndroidManifest.xml:15:13-62
25            android:authorities="com.example.a20200714.provider"
25-->src/main/AndroidManifest.xml:16:13-65
26            android:exported="false"
26-->src/main/AndroidManifest.xml:17:13-37
27            android:grantUriPermissions="true" >
27-->src/main/AndroidManifest.xml:18:13-47
28            <meta-data
28-->src/main/AndroidManifest.xml:19:13-21:58
29                android:name="android.support.FILE_PROVIDER_PATHS"
29-->src/main/AndroidManifest.xml:20:17-67
30                android:resource="@xml/provider_paths" />
30-->src/main/AndroidManifest.xml:21:17-55
31        </provider>
32
33        <activity android:name="com.example.a20200714.EditOCR" />
33-->src/main/AndroidManifest.xml:23:9-54
33-->src/main/AndroidManifest.xml:23:19-42
34        <activity android:name="com.example.a20200714.Database" />
34-->src/main/AndroidManifest.xml:24:9-46
34-->src/main/AndroidManifest.xml:24:19-43
35        <activity android:name="com.example.a20200714.OCRResult" />
35-->src/main/AndroidManifest.xml:25:9-47
35-->src/main/AndroidManifest.xml:25:19-44
36        <activity android:name="com.example.a20200714.CheckPhoto" />
36-->src/main/AndroidManifest.xml:26:9-48
36-->src/main/AndroidManifest.xml:26:19-45
37        <activity android:name="com.example.a20200714.ImportPhoto" />
37-->src/main/AndroidManifest.xml:27:9-49
37-->src/main/AndroidManifest.xml:27:19-46
38        <activity android:name="com.example.a20200714.Home" >
38-->src/main/AndroidManifest.xml:28:9-34:20
38-->src/main/AndroidManifest.xml:28:19-39
39            <intent-filter>
39-->src/main/AndroidManifest.xml:29:13-33:29
40                <action android:name="android.intent.action.MAIN" />
40-->src/main/AndroidManifest.xml:30:17-69
40-->src/main/AndroidManifest.xml:30:25-66
41
42                <category android:name="android.intent.category.LAUNCHER" />
42-->src/main/AndroidManifest.xml:32:17-77
42-->src/main/AndroidManifest.xml:32:27-74
43            </intent-filter>
44        </activity>
45
46        <service
46-->[androidx.room:room-runtime:2.2.5] AndroidManifest.xml:25:9-28:40
47            android:name="androidx.room.MultiInstanceInvalidationService"
47-->[androidx.room:room-runtime:2.2.5] AndroidManifest.xml:26:13-74
48            android:directBootAware="true"
48-->[androidx.room:room-runtime:2.2.5] AndroidManifest.xml:27:13-43
49            android:exported="false" />
49-->[androidx.room:room-runtime:2.2.5] AndroidManifest.xml:28:13-37
50    </application>
51
52</manifest>